[    0.000000] Linux version 4.15.0-74-generic (buildd@lcy01-amd64-022) (gcc version 7.4.0 (Ubuntu 7.4.0-1ubuntu1~18.04.1))#84Ubunt SMP Thu Dec 1 08:06:28 UTC 019 (Ubuntu 4.15.0-74.84-generic 4.15.18)
[    0.000000] ommnd line: BOOT_IMAGE=/boot/vmlinuz-4.15.0-74-generic root=UUID=aac03293-c0ac-4bf0-a82-bed31d9d5f4 ro console=tty1 console=ttyS0
[    0.000000] KERNEL supported cpus:
[    0.000000]   Intel GenuineIntel
[    0.000000]   AMD AuthenticAMD
[    0.00000]   Centaur CentaurHauls
[    0.000000] x86/fpu: Supporting XSAVE feature 0x001: 'x87 floating point registers'
[    0.000000] x86/fpu: Supporting XSAVE feature 0x002: 'SSE registers'
[    0.000000] x86/fpu: Supporting XSAVE feature 0x004: 'AVX registers'
[    0.000000] x86/fpu: xstate_offset[2]:  576, xstate_sizes[2]:  256
[    0.000000] x86/fpu: Enabled xstate features 0x7, context size is 832 bytes, using 'standard' format.
[    0.000000] e820: BIOS-provided physical RAM map:
[    0.000000] BIOS-e820: [mem 0x0000000000000000-0x000000000009fbff] usable
[    0.000000] BIOS-e820: [mem 0x000000000009fc00-0x000000000009ffff] reserved
[    0.000000] BIOS-e820: [mem 0x00000000000f0000-0x00000000000fffff] reserved
[    0.000000] BIOS-e820: [mem 0x0000000000100000-0x000000003ffeffff] usable
[    0.000000] BIOS-e820: [mem 0x000000003fff0000-0x000000003fffffff] ACPI data
[    0.00000] BIS-e80: [em 0x0000000fec00000-0x00000000fec00fff] reserve
[   0.00000] BIOS-e820: [mem x0000000fee00000-x00000000fee00fff] reserved
[   0.00000 BIOS-e820: [mem 0x0000000fffc0000-0x00000000ffffffff] reserved
[    0.000000] N (Excute Disable) protection: active
[    0.000000] SMBIOS 2.5 present.
[   0.000000] DMI: innotek GmbH VirtualBox/VirtualBox, BIOS VirtualBox 12/01/2006
[    0.000000] Hypervisor detected: KVM
[    0.000000] e820: last_pfn = 0x3fff0 max_arch_pfn = 0x400000000
[    0.000000] MTRR: Disabled
[    0.000000] x86/PAT: MTRRs disabled, skipping PAT initialization too.
[    0.000000] CPU MTRRs all blank - virtualized system.
[    0.000000] x86/PAT: Configuration [0-7]: WB  WT  UC- UC  WB  WT  UC- UC  
[    0.000000] found SMP MP-table at [mem 0x0009ff0-0x0009ffff]
[    0.000000] Scanning 1 areas for low memory corruption
[   0.000000] RMDIK: [mem 0x59690000x36cbfff]
[    0.000000] ACPI: Early tabl checksum verifiatio diabled
[   0.00000 ACPI: RSDP 0x00000000E0000 000024 (v02 VBOX  )
    0.00000] ACPI: XSDT 0x000000003FFF0030 00003C (v01 VOX   VBOXXSD 0000001 ASL  00000061)
[    0.000000] ACPI: FACP 0x000000003FFF00F000004 (v04 VBOX   VBOXFACP 00000001 ASL  00000061)
[    0.000000] ACPI: DSDT 0x000000003FFF0470 0021FF (v02 VBOX   VBOXBIOS 00000002 INTL 20100528)
[    0.000000] ACPI: FACS 0x000000003FFF0200 000040
[    0.000000] ACPI: FACS 0x000000003FFF0200 000040
[    0.000000] ACPI: APIC 0x000000003FFF0240 00005C (v02 VBOX   VBOXAPIC 00000001 ASL  00000061)
[    0.000000] ACPI: SSDT 0x000000003FFF02A0 0001CC (v01 VBOX   VBOXCPUT 00000002 INTL 20100528)
[    0.000000] No NUMA configuration found
[    0.000000] Faking a node at [mem 0x0000000000000000-0x000000003ffeffff]
[   0000000] NODE_DATA(0) allocated [mem 0x3ffc5000-0x3ffeffff]
[   0.000000] kvm-clock: cpu 0, msr 0:3ff44001, primary cpu clock
[    0.000000] kvm-clock: Using msrs 4b564d01 and 4b564d00
[    0.000000] kvm-clock: using sched offset of 5658971683 cycles
[    0.000000] clocksource: kvm-clock: mask: 0xffffffffffffffff max_cycles: 0x1cd42e4dffb, max_idle_ns: 881590591483 ns
[    0.000000] Zone ranges:
[    0.000000]   DMA      [mem 0x0000000000001000-0x0000000000ffffff]
[    0.000000]   DMA32    [mem 0x0000000001000000-0x000000003ffeffff]
[   0.00000]   Normal   empty
[    0.000000]   Device   empty
[   0.000000] Movable zone start for each node
[   0.000000] Early memory node ranges
[   0.000000]   node   0: [mem 0x0000000000000000x000000009efff]
[    0.000000]   node   0: [mem 0x0000000000100000-0x000000003ffefff
[   0.000000] Reserved but unavailable: 98 pages
[   0.00000] Initmem setup node 0 [mem 0x0000000000001000-0x000000003ffeffff]
[    0.000000] ACPI: PM-Timer IO Port: 0x4008
[    0.000000] IOAPIC[0]: pic_d 2, version 32, address 0xfec00000,GSI 0-23
[   0.00000] ACPI: INT_SRC_OVR (bus 0 bus_irq 0 global_irq  df dfl)
[   0.000000] ACPI: INT_SRC_OVR (bus 0 bus_irq 9 global_irq 9 low level)
[    0.000000] Using ACPI (MADT) for SMP configuration inormation
[    0.000000] smpboot: Allowing 2 CPUs,  hotplu CPUs
[    0.000000] PM: Registered nosave memory: [mem 0x00000000-0x00000fff]
[    0.000000] PM: Registered nosave memory: [mem 0x0009f000-0x009ffff]
[   0.0000] PM: Registered nosave memory: [mem 0x000a0000-0x000effff]
[   0.00000 PM: Registered nosave memory [mem 0x000f0000-0x000fffff]
[    0.000000] e820: [mem 0x40000000-0xfebfffff] available for PCI devices
[    0.000000] Booting paravirtualized kernel on KVM
[    0.000000 clcksource: refined-jiffies: mask: 0xffffffff max_cycles: 0xffffffff, max_ide_ns: 76455160021158 ns
[   0.000000 radom: get_ranom_ytescalled from start_kernel+0x99/0x4fd with crng_init=0
[    0.00000] setup_percpu: NR_CPUS:8192 nr_cpumask_bits:2 nr_cpu_ids:2 nr_node_ids:1
[    0.000000] percpu: Embedded 45 pages/cpu s17456r8192 d28672 u148576
[   0.000000] PV qsinloc hash table entries: 256 (order: 0, 096bytes)
[    0.00000] Built 1 zonelists, mobility grouping on.  Total pages: 257913
[    0.000000] Policy zone: DMA32
[    0.000000] Kernel command line: BOOT_IMAGE=/boot/vmlinuz-4.15.0-74-generic root=UUID=aac03293-c0ac-4bf0-a829-be8d31d9d5f4 ro console=tty1 console=ttyS0
[    0.000000] Memory: 982556K/1048120K available (12300K kernel code, 2481K rwdata, 4260K rodata, 2428K init, 2704K bss, 65564K reserved, 0K cma-reserved)
[    0.000000] SLUB: HWalign=64, Order=0-3, MinObjects=0, CPUs=2, Nodes=1
[    0.000000] Kernel/User page tables isolation: enabled

[    0.000000] ftrace: allocating 39322 entries in 154 pages
[    0.004000] Hierarchical RCU implementation.
[    0.004000] 	RCU restricting CPUs from NR_CPUS=8192 to nr_cpu_ids=2.
[    0.004000] 	Tasks RCU enabled.
[    0.004000] RCU: Adjusting geometry for rcu_fanout_leaf=16, nr_cpu_ids=2
[    0.004000] NR_IRQS: 524544, nr_irqs: 440, preallocated irqs: 16
[    0.004000] Console: colour VGA+ 80x25
[    0.004000] console [tty1] enabled
[    0.004000] console [ttyS0] enabled
[    0.004000] ACPI: Core revision 20170831
[   0.004000] ACPI: 2 ACPI AML tables successfully acquired and loded
[    0.004000] APIC: Switch to symmetric I/O mode setup
[    0.004000] x2apic enabled
[    0.004000] Switched APIC routing to physical x2apic.
[    0.004000] ..TIMER: vector=0x30 apic1=0 pin1=2 apic2=-1 pin2=-1
[    0.004005] tsc: Detected 2304.000 MHz processor
[    0.005044] Calibrating delay loop (skipped) preset value.. 4608.00 BogoMIPS (lpj=9216000)
[    0.008004] pid_max: default: 32768 minimum: 301
[    0.009069] Security Framework initialized
[    0.009988] Yama: becoming mindful.
[    0.012034] AppArmor: AppArmor initialized
[    0.024053] Dentry cache hash table entries: 131072 (order: 8, 1048576 bytes)
[    0.025761] Inode-cache hash table entries: 65536 (order: 7, 524288 bytes)
[    0.028033] Mount-cache hash table entries: 2048 (order: 2, 16384 bytes)
[    0.032024] Mountpoint-cache hash table entries: 2048 (order: 2, 16384 bytes)
[    0.036331] Last level iTLB entries: 4KB 64, 2MB 8, 4MB 8
[    0.040008] Last level dTLB entries: 4KB 64, 2MB 0, 4MB 0, 1GB 4
[    0.044009] Spectre V1 : Mitigation: usercopy/swapgs barriers and __user pointer sanitization
[    0.048008] Spectre V2 : Mitigation: Full generic retpoline
[    0.052003] Spectre V2 : Spectre v2 / SpectreRSB mitigation: Filling RSB on context switch
[    0.054126] Speculative Store Bypass: Vulnerable
[    0.056061] MDS: Vulnerable: Clear CPU buffers attempted, no microcode
[    0.060217] Freeing SMP alternatives memory: 36K
[    0.178127] smpboot: CPU0: Intel(R) Core(TM) i3-7020U CPU @ 2.30GHz (family: 0x6, model: 0x8e, stepping: 0x9)
[    0.180108] Performance Events: unsupported p6 CPU model 142 no PMU driver, software events only.
[    0.184082] Hierarchical SRCU implementation.
[    0.192559] NMI watchdog: Perf event create on CPU 0 failed with -2
[    0.196011] NMI watchdog: Perf NMI watchdog permanently disabled
[    0.200111] smp: Bringing up secondary CPUs ...
[    0.204173] x86: Booting SMP configuration:
[    0.208010] .... node  #0, CPUs:      #1
[    0.004000] kvm-clock: cpu 1, msr 0:3ff44041, secondary cpu clock
[    0.216039] smp: Brought up 1 node, 2 CPUs
[    0.220016] smpboot: Max logical packages: 1
[    0.221460] smpboot: Total of 2 processors activated (9216.00 BogoMIPS)
[    0.224288] devtmpfs: initialized
[    0.225475] x86/mm: Memory block size: 128MB
[    0.228254] evm: security.selinux
[    0.232012] evm: security.SMACK64
[    0.233411] evm: security.SMACK64EXEC
[    0.234960] evm: security.SMACK64TRANSMUTE
[    0.236011] evm: security.SMACK64MMAP
[    0.237647] evm: security.apparmor
[    0.240004] evm: security.ima
[    0.240839] evm: security.capability
[    0.241951] clocksource: jiffies: mask: 0xffffffff max_cycles: 0xffffffff, max_idle_ns: 7645041785100000 ns
[    0.244022] futex hash table entries: 512 (order: 3, 32768 bytes)
[    0.252047] pinctrl core: initialized pinctrl subsystem
[    0.253777] RTC time:  4:44:08, date: 01/12/20
[    0.256227] NET: Registered protocol family 16
[    0.257695] audit: initializing netlink subsys (disabled)
[    0.259346] audit: type=2000 audit(1578804249.513:1): state=initialized audit_enabled=0 res=1
[    0.260016] cpuidle: using governor ladder
[    0.261541] cpuidle: using governor menu
[    0.264122] ACPI: bus type PCI registered
[    0.265341] acpiphp: ACPI Hot Plug PCI Controller Driver version: 0.5
[    0.268215] PCI: Using configuration type 1 for base access
[    0.272868] HugeTLB registered 2.00 MiB page size, pre-allocated 0 pages
[    0.276233] ACPI: Added _OSI(Module Device)
[    0.280030] ACPI: Added _OSI(Processor Device)
[    0.284017] ACPI: Added _OSI(3.0 _SCP Extensions)
[    0.285069] ACPI: Added _OSI(Processor Aggregator Device)
[    0.288010] ACPI: Added _OSI(Linux-Dell-Video)
[    0.292011] ACPI: Added _OSI(Linux-Lenovo-NV-HDMI-Audio)
[    0.296014] ACPI: Added _OSI(Linux-HPI-Hybrid-Graphics)
[    0.300416] ACPI: Executed 1 blocks of module-level executable AML code
[    0.309259] ACPI: Interpreter enabled
[    0.312033] ACPI: (supports S0 S5)
[    0.316005] ACPI: Using IOAPIC for interrupt routing
[    0.320328] PCI: Using host bridge windows from ACPI; if necessary, use "pci=nocrs" and report a bug
[    0.324245] ACPI: Enabled 2 GPEs in block 00 to 07
[    0.339083] ACPI: PCI Root Bridge [PCI0] (domain 0000 [bus 00-ff])
[    0.340023] acpi PNP0A03:00: _OSC: OS supports [ASPM ClockPM Segments MSI]
[    0.344063] acpi PNP0A03:00: _OSC: not requesting OS control; OS requires [ExtendedConfig ASPM ClockPM MSI]
[    0.348030] acpi PNP0A03:00: fail to add MMCONFIG information, can't access extended PCI configuration space under this bridge.
[    0.352540] PCI host bridge to bus 0000:00
[    0.353681] pci_bus 0000:00: root bus resource [io  0x0000-0x0cf7 window]
[    0.356011] pci_bus 0000:00: root bus resource [io  0x0d00-0xffff window]
[    0.360007] pci_bus 0000:00: root bus resource [mem 0x000a0000-0x000bffff window]
[    0.364011] pci_bus 0000:00: root bus resource [mem 0x40000000-0xfdffffff window]
[    0.365860] pci_bus 0000:00: root bus resource [bus 00-ff]
[    0.371294] pci 0000:00:01.1: legacy IDE quirk: reg 0x10: [io  0x01f0-0x01f7]
[    0.372010] pci 0000:00:01.1: legacy IDE quirk: reg 0x14: [io  0x03f6]
[    0.376011] pci 0000:00:01.1: legacy IDE quirk: reg 0x18: [io  0x0170-0x0177]
[    0.380010] pci 0000:00:01.1: legacy IDE quirk: reg 0x1c: [io  0x0376]
[    0.410563] pci 0000:00:07.0: quirk: [io  0x4000-0x403f] claimed by PIIX4 ACPI
[    0.412031] pci 0000:00:07.0: quirk: [io  0x4100-0x410f] claimed by PIIX4 SMB
[    0.427050] ACPI: PCI Interrupt Link [LNKA] (IRQs 5 9 10 *11)
[    0.432115] ACPI: PCI Interrupt Link [LNKB] (IRQs 5 9 *10 11)
[    0.436233] ACPI: PCI Interrupt Link [LNKC] (IRQs 5 *9 10 11)
[    0.440211] ACPI: PCI Interrupt Link [LNKD] (IRQs 5 9 10 *11)
[    0.448215] SCSI subsystem initialized
[    0.452090] pci 0000:00:02.0: vgaarb: setting as boot VGA device
[    0.456000] pci 0000:00:02.0: vgaarb: VGA device added: decodes=io+mem,owns=io+mem,locks=none
[    0.456012] pci 0000:00:02.0: vgaarb: bridge control possible
[    0.457315] vgaarb: loaded
[    0.460067] ACPI: bus type USB registered
[    0.461013] usbcore: registered new interface driver usbfs
[    0.462380] usbcore: registered new interface driver hub
[    0.463714] usbcore: registered new device driver usb
[    0.464088] EDAC MC: Ver: 3.0.0
[    0.465176] PCI: Using ACPI for IRQ routing
[    0.465501] NetLabel: Initializing
[    0.468004] NetLabel:  domain hash size = 128
[    0.472006] NetLabel:  protocols = UNLABELED CIPSOv4 CALIPSO
[    0.476035] NetLabel:  unlabeled traffic allowed by default
[    0.480158] clocksource: Switched to clocksource kvm-clock
[    0.514489] VFS: Disk quotas dquot_6.6.0
[  0152]FSDquot-cacheastae tres:512 (order 040 btes)
[  107649] AppArmor: AppArmor Filesystem Enabled
[  1.534165] pnp: PnP ACPI init
[    1.597629] pnp: PnP ACPI: found 3 devices

[    1.611381] clocksource: acpi_pm: mask: 0xffffff max_cycles: 0xffffff, max_idle_ns: 2085701024 ns
[    1.1404 N: giereprocolfamily 2

[    085328] TCP establisd shabe entries: 8192 (order: 4, 65536ytes)
[    2.464305] TCP bind hash table entries: 8192 (order: 5, 131072 bytes)
[    2.468264] TCP: Hash tables configured (established 8192 bind 8192)
[    2.472288] UDP hash table entries: 512 (order: 2, 16384 bytes)
[    2.474034] UDP-Lite hash table entries: 512 (order: 2, 16384 bytes)
[    2.476008] NET: Registered protocol family 1
[    2.477334] pci 0000:00:00.0: Limiting direct PCI/PCI transfers
[    2.479187] pci 0000:00:01.0: Activating ISA DMA hang workarounds
[  2810]ci 0000:00:02.0Vide dicwi sdow ROM at [mem 0x000c0000-0x000dffff]
[   1546] Unpaking initramfs...
[    3.950539] Freeing initrd memory: 19724K
[    3.963541] clocksource: tsc: mask: 0xffffffffffffffff max_cycles: 0x2135f7c97c8, max_idle_ns: 440795273205 ns
[    4.052481] platform rtc_cmos: registered platform RTC device (no PNP device found)
[    4.054470] Scanning for low memory corruption every 60 seconds
[    4.120709] Initialise system trusted keyrings
[    4.143730] Key type blacklist registered
[    4.175583] workingset: timestamp_bits=36 max_order=18 bucket_order=0
[    4.222649] zbud: loaded
[    4.239634] squashfs: version 4.0 (2009/01/31) Phillip Lougher
[    4.271109] fuse init (API version 7.26)
[    4.294293] Key type asymmetric registered
[    4.295263] Asymmetric key parser 'x509' registered
[    4.296396] Block layer SCSI generic (bsg) driver version 0.4 loaded (major 246)
[    4.298142] io scheduler noop registered
[    4.299061] io scheduler deadline registered
[    4.300075] io scheduler cfq registered (default)
[    4.301487] ACPI: AC Adapter [AC] (off-line)
[    4.302643] input: Power Button as /devices/LNXSYSTM:00/LNXPWRBN:00/input/input0
[    4.304888] ACPI: Power Button [PWRF]
[    4.323139] input: Sleep Button as /devices/LNXSYSTM:00/LNXSLPBN:00/input/input1
[    4.344376] ACPI: Sleep Button [SLPF]
[    4.382637] ACPI: Battery Slot [BAT0] (battery present)
[    4.390442] Serial: 8250/16550 driver, 32 ports, IRQ sharing enabled
[    4.437115] 00:02: ttyS0 at I/O 0x3f8 (irq = 4, base_baud = 115200) is a 16550A
[    4.467423] Linux agpgart interface v0.103
[    4.491890] loop: module loaded
[    4.506413] scsi host0: ata_piix
[    4.521111] scsi host1: ata_piix
[    4.536265] ata1: PATA max UDMA/33 cmd 0x1f0 ctl 0x3f6 bmdma 0xd000 irq 14
[    4.538225] ata2: PATA max UDMA/33 cmd 0x170 ctl 0x376 bmdma 0xd008 irq 15
[    4.539989] libphy: Fixed MDIO Bus: probed
[    4.541114] tun: Universal TUN/TAP device driver, 1.6
[    4.549172] PPP generic driver version 2.4.2
[    4.550307] ehci_hcd: USB 2.0 'Enhanced' Host Controller (EHCI) Driver
[    4.551714] ehci-pci: EHCI PCI platform driver
[    4.553059] ehci-platform: EHCI generic platform driver
[    4.554603] ohci_hcd: USB 1.1 'Open' Host Controller (OHCI) Driver
[    4.556196] ohci-pci: OHCI PCI platform driver
[    4.557290] ohci-platform: OHCI generic platform driver
[    4.571722] uhci_hcd: USB Universal Host Controller Interface driver
[    4.621946] i8042: PNP: PS/2 Controller [PNP0303:PS2K,PNP0f03:PS2M] at 0x60,0x64 irq 1,12
[    4.644664] serio: i8042 KBD port at 0x60,0x64 irq 1
[    4.661402] serio: i8042 AUX port at 0x60,0x64 irq 12
[    4.683287] mousedev: PS/2 mouse device common for all mice
[    4.715060] rtc_cmos rtc_cmos: rtc core: registered rtc_cmos as rtc0
[    4.741430] rtc_cmos rtc_cmos: alarms up to one day, 114 bytes nvram
[    4.797324] input: AT Translated Set 2 keyboard as /devices/platform/i8042/serio0/input/input2
[    4.799554] i2c /dev entries driver
[    4.800736] device-mapper: uevent: version 1.0.3
[    4.802111] device-mapper: ioctl: 4.37.0-ioctl (2017-09-20) initialised: dm-devel@redhat.com
[    4.811382] ledtrig-cpu: registered to indicate activity on CPUs
[    4.813738] NET: Registered protocol family 10
[    4.848204] Segment Routing with IPv6
[    4.874355] NET: Registered protocol family 17
[    4.882224] Key type dns_resolver registered
[    4.889387] mce: Using 0 MCE banks
[    4.890378] RAS: Correctable Errors collector initialized.
[    4.908563] sched_clock: Marking stable (4908503300, 0)->(12840246422, -7931743122)
[    4.918152] registered taskstats version 1
[    4.927022] Loading compiled-in X.509 certificates
[    4.932142] Loaded X.509 cert 'Build time autogenerated kernel key: 62d24f9c726e026b112735485dad6e6e4b50c923'
[    4.934492] zswap: loaded using pool lzo/zbud
[    4.941182] Key type big_key registered
[    4.948520] Key type trusted registered
[    4.952089] Key type encrypted registered
[    4.972512] AppArmor: AppArmor sha1 policy hashing enabled
[    4.973877] ima: No TPM chip found, activating TPM-bypass! (rc=-19)
[    4.994952] ima: Allocated hash algorithm: sha1
[    5.047248] evm: HMAC attrs: 0x1
[    5.048393]   Magic number: 4:974:716
[    5.075644] rtc_cmos rtc_cmos: setting system clock to 2020-01-12 04:44:14 UTC (1578804254)
[    5.144075] BIOS EDD facility v0.16 2004-Jun-25, 0 devices found
[    5.191722] EDD information not available.
[    5.208690] Freeing unused kernel image memory: 2428K
[    5.240280] Write protecting the kernel read-only data: 20480k
[    5.271791] Freeing unused kernel image memory: 2008K
[    5.281059] Freeing unused kernel image memory: 1884K
[    5.315374] x86/mm: Checked W+X mappings: passed, no W+X pages found.
[    5.372914] x86/mm: Checking user space page tables
[    5.400883] x86/mm: Checked W+X mappings: passed, no W+X pages found.
Loading, please wait...
starting version 237
[    6.416393] e1000: Intel(R) PRO/1000 Network Driver - version 7.3.21-k8-NAPI
[    6.460394] e1000: Copyright (c) 1999-2006 Intel Corporation.
[    6.465614] Fusion MPT base driver 3.04.20
[    6.472952] Copyright (c) 1999-2008 LSI Corporation
[    6.479871] Fusion MPT SPI Host driver 3.04.20
[    6.504708] AVX2 version of gcm_enc/dec engaged.
[    6.516799] AES CTR mode by8 optimization enabled
[    6.702966] input: ImExPS/2 Generic Explorer Mouse as /devices/platform/i8042/serio1/input/input4
[    6.918577] e1000 0000:00:03.0 eth0: (PCI:33MHz:32-bit) 02:b7:1f:33:e9:24
[    6.954250] e1000 0000:00:03.0 eth0: Intel(R) PRO/1000 Network Connection
[    6.971625] mptbase: ioc0: Initiating bringup
[    6.995690] e1000 0000:00:03.0 enp0s3: renamed from eth0
[    7.098093] ioc0: LSI53C1030 A0: Capabilities={Initiator}
[    9.076309] scsi host2: ioc0: LSI53C1030 A0, FwRev=00000000h, Ports=1, MaxQ=256, IRQ=20
[    9.695444] scsi 2:0:0:0: Direct-Access     VBOX     HARDDISK         1.0  PQ: 0 ANSI: 5
[    9.736387] scsi target2:0:0: Beginning Domain Validation
[    9.788676] scsi target2:0:0: Domain Validation skipping write tests
[    9.819742] scsi target2:0:0: Ending Domain Validation
[    9.822886] scsi target2:0:0: asynchronous
[    9.826175] scsi 2:0:1:0: Direct-Access     VBOX     HARDDISK         1.0  PQ: 0 ANSI: 5
[    9.860470] scsi target2:0:1: Beginning Domain Validation
[    9.894262] random: fast init done
[   10.307236] scsi target2:0:1: Domain Validation skipping write tests
[   10.344085] scsi target2:0:1: Ending Domain Validation
[   10.375917] scsi target2:0:1: asynchronous
[   10.406174] random: systemd-udevd: uninitialized urandom read (16 bytes read)
[   10.439995] random: systemd-udevd: uninitialized urandom read (16 bytes read)
[   10.471953] sd 2:0:0:0: Attached scsi generic sg0 type 0
[   10.472208] sd 2:0:0:0: [sda] 20971520 512-byte logical blocks: (10.7 GB/10.0 GiB)
[   10.473574] random: systemd-udevd: uninitialized urandom read (16 bytes read)
[   10.488994] sd 2:0:0:0: [sda] Write Protect is off
[   10.491829] sd 2:0:1:0: Attached scsi generic sg1 type 0
[   10.491941] sd 2:0:0:0: [sda] Incomplete mode parameter data
[   10.605168] sd 2:0:0:0: [sda] Assuming drive cache: write through
[   10.614024] sd 2:0:1:0: [sdb] 20480 512-byte logical blocks: (10.5 MB/10.0 MiB)
[   10.624749]  sda: sda1
[   10.774526] sd 2:0:1:0: [sdb] Write Protect is off
[   10.775670] sd 2:0:0:0: [sda] Attached SCSI disk
[   10.785429] sd 2:0:1:0: [sdb] Incomplete mode parameter data
[   10.812940] sd 2:0:1:0: [sdb] Assuming drive cache: write through
[   10.869216] sd 2:0:1:0: [sdb] Attached SCSI disk
Begin: Loading essential drivers ... [   12.660699] raid6: sse2x1   gen()  5567 MB/s
[   12.716241] raid6: sse2x1   xor()  4080 MB/s
[   12.772027] raid6: sse2x2   gen()  6528 MB/s
[   12.828537] raid6: sse2x2   xor()  4182 MB/s
[   12.876861] raid6: sse2x4   gen()  6532 MB/s
[   12.924694] raid6: sse2x4   xor()  4567 MB/s
[   12.972765] raid6: avx2x1   gen() 10739 MB/s
[   13.024367] raid6: avx2x1   xor()  7114 MB/s
[   13.072210] raid6: avx2x2   gen() 13661 MB/s
[   13.120276] raid6: avx2x2   xor()  8494 MB/s
[   13.172236] raid6: avx2x4   gen() 16485 MB/s
[   13.232118] raid6: avx2x4   xor()  9216 MB/s
[   13.233204] raid6: using algorithm avx2x4 gen() 16485 MB/s
[   13.234345] raid6: .... xor() 9216 MB/s, rmw enabled
[   13.235474] raid6: using avx2x2 recovery algorithm
[   13.239081] xor: automatically using best checksumming function   avx       
[   13.243329] async_tx: api initialized (async)
done.
Begin: Running /scripts/init-premount ... done.
Begin: Mounting root file system ... Begin: Running /scripts/local-top ... done.
Begin: Running /scripts/local-premount ... [   13.316819] Btrfs loaded, crc32c=crc32c-intel
Scanning for Btrfs filesystems
done.
Warning: fsck no[   13.392893] EXT4-fs (sda1): INFO: recovery required on readonly filesystem
t present, so sk[   13.418597] EXT4-fs (sda1): write access will be enabled during recovery
ipping root file system
[   13.866572] EXT4-fs (sda1): recovery complete
[   13.868528] EXT4-fs (sda1): mounted filesystem with ordered data mode. Opts: (null)
done.
Begin: Running /scripts/local-bottom ... done.
Begin: Running /scripts/init-bottom ... done.
[   15.448399] random: crng init done
[   15.457443] random: 7 urandom warning(s) missed due to ratelimiting
[   15.722039] ip_tables: (C) 2000-2006 Netfilter Core Team
[   15.840575] systemd[1]: systemd 237 running in system mode. (+PAM +AUDIT +SELINUX +IMA +APPARMOR +SMACK +SYSVINIT +UTMP +LIBCRYPTSETUP +GCRYPT +GNUTLS +ACL +XZ +LZ4 +SECCOMP +BLKID +ELFUTILS +KMOD -IDN2 +IDN -PCRE2 default-hierarchy=hybrid)
[   15.845787] systemd[1]: Detected virtualization oracle.
[   15.847134] systemd[1]: Detected architecture x86-64.

Welcome to [1mUbuntu 18.04.3 LTS[0m!

[   15.880458] systemd[1]: Set hostname to <ubuntu-bionic>.
[   17.673287] systemd[1]: Set up automount Arbitrary Executable File Formats File System Automount Point.
[[0;32m  OK  [0m] Set up automount Arbitrary Executab…rmats File System Automount Point.
[   17.700769] systemd[1]: Started Forward Password Requests to Wall Directory Watch.
[[0;32m  OK  [0m] Started Forward Password Requests to Wall Directory Watch.
[   17.720246] systemd[1]: Reached target User and Group Name Lookups.
[[0;32m  OK  [0m] Reached target User and Group Name Lookups.
[   17.747358] systemd[1]: Created slice User and Session Slice.
[[0;32m  OK  [0m] Created slice User and Session Slice.
[   17.769109] systemd[1]: Created slice System Slice.
[[0;32m  OK  [0m] Created slice System Slice.
[   17.789971] systemd[1]: Listening on udev Kernel Socket.
[[0;32m  OK  [0m] Listening on udev Kernel Socket.
[[0;32m  OK  [0m] Reached target Slices.
[[0;32m  OK  [0m] Listening on Journal Socket.
         Starting Remount Root and Kernel File Systems...
[[0;32m  OK  [0m] Listening on /dev/initctl Compatibility Named Pipe.
         Starting Create list of required st…ce nodes f[   17.841290] EXT4-fs (sda1): re-mounted. Opts: (null)
or the current kernel...
[[0;32m  OK  [0m] Listening on LVM2 poll daemon socket.
         Starting Set the console keyboard layout...
         Starting Load Kernel Modules...
[[0;32m  OK  [0m] Created slice system-serial\x2dgetty.slice.
[[0;32m  OK  [0m] Listening on LVM2 metadata daemon socket.
[[0;32m  OK  [0m] Reached target Swap.
[[0;32m  OK  [0m] Listening on Device-mapper event daemon FIFOs.
         Starting Monitoring of LVM2 mirrors…ng dmeventd or progress polling...
[[0;32m  OK  [0m] Listening on Journal Audit Socket.
[[0;32m  OK  [0m] Listening on udev Control Socket.
[[0;32m  OK  [0m] Reached target System Time Synchronized.
[[0;32m  OK  [0m] Listening on Syslog Socket.
         Mounting POSIX Message Queue File System...
[[0;32m  OK  [0m] Listening on Network Service Netlink Socket.
         Mounting Huge Pages File System...
         Starting udev Coldplug all Devices...
[[0;32m  OK  [0m] Listening on Journal Socket (/dev/log).
         Starting Journal Service...
         Starting Uncomplicated firewall...
         Mountin[   18.264751] Loading iSCSI transport class v2.0-870.
g Kernel Debug File System...
[[0;32m  OK  [0m] Started Remount Root and Kernel File Systems.
[[0;32m  OK  [0m] Started Create list of required sta…vice nodes for the current kernel.
[[0;32m  OK  [0m] Mounted POSIX Message Queue File System.
[[0;32m  OK  [0m] Mounted Huge Pages File System.
[[0;32m  OK  [0m] Mounted Kernel Debug File System.
         Starting Create Static Device Nodes in /dev...
         Starting Load/Save Random Seed...
[[0;32m  OK  [0m] Started Journal Service.
[[0;32m  OK  [0m] Started Uncomplicated firewall.
[[0;32m  OK  [0m] Started udev Coldplug all Devices.
[[0;32m  OK  [0m] Started Load/Save Random Seed.
[[0;32m  OK  [0m] Started LVM2 metadata daemon.
         Starting Flush Journal to Persistent Storage...
[   18.687635] iscsi: registered transport (tcp)
[   18.708422] systemd-journald[415]: Received request to flush runtime journal from PID 1
[[0;32m  OK  [0m] Started Set the console keyboard layout.
[[0;32m  OK  [0m] Started Create Static Device Nodes in /dev.
         Starting udev Kernel Device Manager...
[[0;32m  OK  [0m] Started Monitoring of LVM2 mirrors,…sing dmeventd or progress polling.
[[0;32m  OK  [0m] Reached target Local File Systems (Pre).
[[0;32m  OK  [0m] Reached target Local File Systems.
         Starting Set console font and keymap...
         Starting AppArmor initialization...
         Starting Tell Plymouth To Write Out Runtime Data...
         Starting ebtables ruleset management...
[[0;32m  OK  [0m] Started Set console font and keymap.
[[0;32m  OK  [0m] Started Tell Plymouth To Write Out Runtime Data.
[   19.780527] iscsi: registered transport (iser)
[[0;32m  OK  [0m] Started Load Kernel Modules.
         Starting Apply Kernel Variables...
         Mounting FUSE Control File System...
         Mounting Kernel Configuration File System...
[[0;32m  OK  [0m] Mounted FUSE Control File System.
[[0;32m  OK  [0m] Mounted Kernel Configuration File System.
[[0;32m  OK  [0m] Started udev Kernel Device Manager.
[[0;32m  OK  [0m] Started Dispatch Password Requests to Console Directory Watch.
[[0;32m  OK  [0m] Reached target Local Encrypted Volumes.
[[0;32m  OK  [0m] Started ebtables ruleset management.
[[0;32m  OK  [0m] Started Apply Kernel Variables.
[[0;32m  OK  [0m] Started Flush Journal to Persistent Storage.
         Starting Create Volatile Files and Directories...
[[0;32m  OK  [0m] Started Create Volatile Files and Directories.
         Starting Update UTMP about System Boot/Shutdown...
[[0;32m  OK  [0m] Found device /dev/ttyS0.
[[0;32m  OK  [0m] Started Update UTMP about System Boot/Shutdown.
[[0;32m  OK  [0m] Listening on Load/Save RF Kill Switch Status /dev/rfkill Watch.
[[0;32m  OK  [0m] Started AppArmor initialization.
         Starting Initial cloud-init job (pre-networking)...
[   28.001640] cloud-init[541]: Cloud-init v. 19.3-41-gc4735dd3-0ubuntu1~18.04.1 running 'init-local' at Sun, 12 Jan 2020 04:44:36 +0000. Up 27.29 seconds.
[[0;32m  OK  [0m] Started Initial cloud-init job (pre-networking).
[[0;32m  OK  [0m] Reached target Network (Pre).
         Starting Network Service...
[[0;32m  OK  [0m] Started Network Service.
         Starting Wait for Network to be Configured...
         Starting Network Name Resolution...
[[0;32m  OK  [0m] Started Network Name Resolution.
[[0;32m  OK  [0m] Reached target Host and Network Name Lookups.
[[0;32m  OK  [0m] Reached target Network.
[[0;32m  OK  [0m] Started Wait for Network to be Configured.
         Starting Initial cloud-init job (metadata service crawler)...
[   30.527912] cloud-init[676]: Cloud-init v. 19.3-41-gc4735dd3-0ubuntu1~18.04.1 running 'init' at Sun, 12 Jan 2020 04:44:39 +0000. Up 30.28 seconds.
[   30.541079] cloud-init[676]: ci-info: ++++++++++++++++++++++++++++++++++++++Net device info++++++++++++++++++++++++++++++++++++++
[   30.587045] cloud-init[676]: ci-info: +--------+------+----------------------------+---------------+--------+-------------------+
[   30.590351] cloud-init[676]: ci-info: | Device |  Up  |          Address           |      Mask     | Scope  |     Hw-Address    |
[   30.616505] cloud-init[676]: ci-info: +--------+------+----------------------------+---------------+--------+-------------------+
[   30.627741] cloud-init[676]: ci-info: | enp0s3 | True |         10.0.2.15          | 255.255.255.0 | global | 02:b7:1f:33:e9:24 |
[   30.630719] cloud-init[676]: ci-info: | enp0s3 | True | fe80::b7:1fff:fe33:e924/64 |       .       |  link  | 02:b7:1f:33:e9:24 |
[   30.674377] cloud-init[676]: ci-info: |   lo   | True |         127.0.0.1          |   255.0.0.0   |  host  |         .         |
[   30.739287] cloud-init[676]: ci-info: |   lo   | True |          ::1/128           |       .       |  host  |         .         |
[   30.797249] cloud-init[676]: ci-info: +--------+------+----------------------------+---------------+--------+-------------------+
[   30.829110] cloud-init[676]: ci-info: ++++++++++++++++++++++++++++Route IPv4 info+++++++++++++++++++++++++++++
[   30.850352] cloud-init[676]: ci-info: +-------+-------------+----------+-----------------+-----------+-------+
[   30.878482] cloud-init[676]: ci-info: | Route | Destination | Gateway  |     Genmask     | Interface | Flags |
[   30.921016] cloud-init[676]: ci-info: +-------+-------------+----------+-----------------+-----------+-------+
[   30.940673] cloud-init[676]: ci-info: |   0   |   0.0.0.0   | 10.0.2.2 |     0.0.0.0     |   enp0s3  |   UG  |
[   30.967678] cloud-init[676]: ci-info: |   1   |   10.0.2.0  | 0.0.0.0  |  255.255.255.0  |   enp0s3  |   U   |
[   30.991932] cloud-init[676]: ci-info: |   2   |   10.0.2.2  | 0.0.0.0  | 255.255.255.255 |   enp0s3  |   UH  |
[   31.016770] cloud-init[676]: ci-info: +-------+-------------+----------+-----------------+-----------+-------+
[[0;32m  OK  [0m] Started Initial cloud-init job (metadata service crawler).
[   31.099131] [[0;32m  OK  [0m] Reached target Network is Online.
cloud-init[676]: ci-info: +++++++++++++++++++Route IPv6 info+++++++++++++++++++
[   31.163872] cloud-init[676]: ci-info: +-------+-------------+---------+-----------+-------+
[   31.177768] cloud-init[676]: ci-info: | Route | Destination | Gateway | Interface | Flags |
[[0;32m  OK  [0m] Reached target Remote File Systems (Pre).
[[0;32m  OK  [0m] Reached target Remote File Systems.
[   31.194743]          Starting Availability of block devices...
[[0;32m  OK  [0m] Reached target Cloud-config availability.
cloud-init[676]: ci-info: +-------+-------------+---------+-----------+-------+
[[0;32m  OK  [0m] Reached target System Initialization.
[[0;32m  OK  [0m] Listening on Open-iSCSI iscsid Socket.
[[0;32m  OK  [0m] Listening on D-Bus System Message Bus Socket.
[   31.278922] cloud-init[676]: ci-info: |   1   |  fe80::/64  |    ::   |   enp0s3  |   U   |
[[0;32m  OK  [0m] [   31.331899] cloud-init[676]: ci-info: |   3   |    local    |    ::   |   enp0s3  |   U   |
[   31.332530] cloud-init[676]: ci-info: |   4   |   ff00::/8  |    ::   |   enp0s3  |   U   |
[   31.333567] cloud-init[676]: ci-info: +-------+-------------+---------+-----------+-------+
Started Daily Cleanup of Temporary Directories.
[[0;32m  OK  [0m] Started Daily apt upgrade and clean activities.
[[0;32m  OK  [0m] Started Message of the Day.
         Starting LXD - unix socket.
         Starting Socket activation for snappy daemon.
[[0;32m  OK  [0m] Started Discard unused blocks once a week.
[[0;32m  OK  [0m] Started ACPI Events Check.
[[0;32m  OK  [0m] Listening on UUID daemon activation socket.
[[0;32m  OK  [0m] Reached target Paths.
[[0;32m  OK  [0m] Listening on ACPID Listen Socket.
[[0;32m  OK  [0m] Reached target Timers.
[[0;32m  OK  [0m] Started Availability of block devices.
[[0;32m  OK  [0m] Listening on LXD - unix socket.
[[0;32m  OK  [0m] Listening on Socket activation for snappy daemon.
[[0;32m  OK  [0m] Reached target Sockets.
[[0;32m  OK  [0m] Reached target Basic System.
         Starting Accounts Service...
[[0;32m  OK  [0m] Started D-Bus System Message Bus.
         Starting Login Service...
[[0;32m  OK  [0m] Started Deferred execution scheduler.
         Starting LSB: automatic crash report generation...
[[0;32m  OK  [0m] Started FUSE filesystem for LXC.
         Starting Message of the Day...
         Starting LSB: Record successful boot for GRUB...
[[0;32m  OK  [0m] Started Regular background program processing daemon.
         Starting Permit User Sessions...
[[0;32m  OK  [0m] Started irqbalance daemon.
         Starting Snappy daemon...
         Starting System Logging Service...
         Starting Virtualbox guest utils...
         Starting OpenBSD Secure Shell server...
         Starting Dispatcher daemon for systemd-networkd...
         Starting LXD - container startup/shutdown...
[[0;32m  OK  [0m] Started System Logging Service.
[[0;32m  OK  [0m] Started Permit User Sessions.
[[0;32m  OK  [0m] Started Login Service.
[[0;32m  OK  [0m] Started Unattended Upgrades Shutdown.
         Starting Authorization Manager...
         Starting Terminate Plymouth Boot Screen...
         Starting Hold until boot process finishes up...
[[0;32m  OK  [0m] Started Terminate Plymouth Boot Screen.
[[0;32m  OK  [0m] Started Hold until boot process finishes up.
[[0;32m  OK  [0m] Started Serial Getty on ttyS0.
         Starting Set console scheme...
[[0;32m  OK  [0m] Started LSB: automatic crash report generation.
[[0;32m  OK  [0m] Started LSB: Record successful boot for GRUB.
[[0;32m  OK  [0m] Started Set console scheme.
[[0;32m  OK  [0m] Created slice system-getty.slice.
[[0;32m  OK  [0m] Started Getty on tty1.
[[0;32m  OK  [0m] Reached target Login Prompts.
[[0;32m  OK  [0m] Started Authorization Manager.
[[0;32m  OK  [0m] Started Accounts Service.
[[0;32m  OK  [0m] Started Virtualbox guest utils.
[[0;32m  OK  [0m] Started OpenBSD Secure Shell server.
[[0;32m  OK  [0m] Started Dispatcher daemon for systemd-networkd.
[[0;32m  OK  [0m] Started Snappy daemon.
         Starting Wait until snapd is fully seeded...
[[0;32m  OK  [0m] Created slice User Slice of vagrant.
         Starting User Manager for UID 1000...
[[0;32m  OK  [0m] Started Session 1 of user vagrant.
[[0;32m  OK  [0m] Started Wait until snapd is fully seeded.
         Starting Apply the settings specified in cloud-config...
[[0;32m  OK  [0m] Started LXD - container startup/shutdown.
[[0;32m  OK  [0m] Reached target Multi-User System.
[[0;32m  OK  [0m] Reached target Graphical Interface.
         Starting Update UTMP about System Runlevel Changes...
[[0;32m  OK  [0m] Started Update UTMP about System Runlevel Changes.
[   39.485513] cloud-init[1230]: Cloud-init v. 19.3-41-gc4735dd3-0ubuntu1~18.04.1 running 'modules:config' at Sun, 12 Jan 2020 04:44:48 +0000. Up 39.19 seconds.

Ubuntu 18.04.3 LTS ubuntu-bionic ttyS0

ubuntu-bionic login: [   40.620391] cloud-init[1353]: Cloud-init v. 19.3-41-gc4735dd3-0ubuntu1~18.04.1 running 'modules:final' at Sun, 12 Jan 2020 04:44:49 +0000. Up 40.27 seconds.
[   40.629157] cloud-init[1353]: Cloud-init v. 19.3-41-gc4735dd3-0ubuntu1~18.04.1 finished at Sun, 12 Jan 2020 04:44:50 +0000. Datasource DataSourceNoCloud [seed=/dev/sdb][dsmode=net].  Up 40.59 seconds
